     2 ms LoadMaps
          SpriteFonts
    10 ms |   PrecacheColor common|FreeSans.ttf 14px White
     8 ms |   PrecacheColor common|FreeSans.ttf 14px Red
     2 ms |   PrecacheColor common|FreeSansBold.ttf 14px White
     2 ms |   PrecacheColor common|FreeSansBold.ttf 14px Red
     3 ms |   PrecacheColor common|FreeSansBold.ttf 24px White
     3 ms |   PrecacheColor common|FreeSansBold.ttf 24px Red
     2 ms |   PrecacheColor common|FreeSansBold.ttf 18px White
     3 ms |   PrecacheColor common|FreeSansBold.ttf 18px Red
     1 ms |   PrecacheColor common|FreeSans.ttf 10px White
     1 ms |   PrecacheColor common|FreeSans.ttf 10px Red
     1 ms |   PrecacheColor common|FreeSansBold.ttf 10px White
     2 ms |   PrecacheColor common|FreeSansBold.ttf 10px Red
    58 ms --------------------------------------------------
          LoadMaps
    22 ms |   a-path-beyond.oramap
     4 ms |   agenda.oramap
     3 ms |   alaska-anarchy-redux.oramap
     6 ms |   all-connected.oramap
     8 ms |   asymmetric-battle.oramap
     2 ms |   bad-neighbors.oramap
     2 ms |   barracuda.oramap
     2 ms |   behind-the-veil.oramap
     2 ms |   bombardment-islands.oramap
     9 ms |   caffeinated.oramap
     4 ms |   chaos-canyon.oramap
     2 ms |   coastal-influence.oramap
     2 ms |   cold-front.oramap
     4 ms |   countercross.oramap
     6 ms |   crossfire.oramap
     1 ms |   doubles.oramap
     2 ms |   doughnut.oramap
     2 ms |   dual-cold-front.oramap
     1 ms |   east-vs-west.oramap
     4 ms |   encounter.oramap
     4 ms |   engagement.oramap
     2 ms |   ensio-kaivo.oramap
     3 ms |   ghost-town.oramap
     2 ms |   great-sahara-2.oramap
     4 ms |   green-belt.oramap
     3 ms |   haos-ridges.oramap
     4 ms |   high-and-low.oramap
     3 ms |   hypothermia.oramap
     1 ms |   icy-ridge.oramap
     6 ms |   imminent-destruction.oramap
     2 ms |   keep-off-the-grass-2.oramap
     3 ms |   mad-science.oramap
     3 ms |   mass-confliction.oramap
     2 ms |   minor-pressure.oramap
     5 ms |   nine-lives.oramap
     2 ms |   north-by-northwest.oramap
     2 ms |   northwestpassage.oramap
     4 ms |   operation-goldmine.oramap
     5 ms |   opposite-force.oramap
     1 ms |   ore-lord.oramap
     4 ms |   pie-of-animosity.oramap
     4 ms |   polar-disorder.oramap
     3 ms |   pool-party.oramap
     6 ms |   pressure.oramap
     2 ms |   puddles-redux.oramap
     2 ms |   regeneration-basin.oramap
     4 ms |   seaside-2.oramap
     2 ms |   Siberian-Pass.oramap
     6 ms |   sidestep.oramap
     2 ms |   singles.oramap
     2 ms |   sudden-death.oramap
     4 ms |   sunstroke.oramap
     4 ms |   synergy.oramap
     5 ms |   tabula-rasa.oramap
     2 ms |   tainted-peak.oramap
     2 ms |   tandem.oramap
     3 ms |   temperal.oramap
     3 ms |   tournament-island.oramap
    17 ms |   vegetation.oramap
     2 ms |   vihaan-lunta.oramap
     1 ms |   warwind.oramap
     2 ms |   winter-storm.oramap
     3 ms |   x-lake.oramap
     3 ms |   allies-01
     7 ms |   allies-02
     4 ms |   allies-03a
     7 ms |   allies-03b
     4 ms |   allies-04
     4 ms |   allies-05a
     3 ms |   allies-06a
     2 ms |   bomber-john
    10 ms |   center-of-attention-redux-2
     2 ms |   desert-rats
     3 ms |   desert-shellmap
     2 ms |   drop-zone
     2 ms |   drop-zone-battle-of-tikiaki
     3 ms |   drop-zone-w
     4 ms |   evacuation
     3 ms |   exodus
    11 ms |   fort-lonestar
     3 ms |   infiltration
     4 ms |   intervention
     4 ms |   monster-tank-madness
     3 ms |   poland-raid
    10 ms |   six-below-zero
     2 ms |   snow town
     2 ms |   snow-off
     4 ms |   soviet-01
     3 ms |   soviet-02a
    10 ms |   soviet-02b
     5 ms |   soviet-03
     3 ms |   soviet-04a
     3 ms |   soviet-04b
     4 ms |   soviet-05
     5 ms |   soviet-06a
     4 ms |   soviet-06b
     6 ms |   soviet-07
     4 ms |   survival01
     4 ms |   survival02
     2 ms |   training-camp
   400 ms --------------------------------------------------
          SpriteFonts
     5 ms |   PrecacheColor common|FreeSans.ttf 14px White
     2 ms |   PrecacheColor common|FreeSans.ttf 14px Red
     2 ms |   PrecacheColor common|FreeSansBold.ttf 14px White
     2 ms |   PrecacheColor common|FreeSansBold.ttf 14px Red
     3 ms |   PrecacheColor ra|ZoodRangmah.ttf 48px White
     3 ms |   PrecacheColor ra|ZoodRangmah.ttf 48px Red
     2 ms |   PrecacheColor common|FreeSansBold.ttf 18px White
     2 ms |   PrecacheColor common|FreeSansBold.ttf 18px Red
     3 ms |   PrecacheColor common|FreeSansBold.ttf 24px White
     3 ms |   PrecacheColor common|FreeSansBold.ttf 24px Red
     1 ms |   PrecacheColor common|FreeSans.ttf 12px White
     1 ms |   PrecacheColor common|FreeSans.ttf 12px Red
     1 ms |   PrecacheColor common|FreeSans.ttf 10px White
     1 ms |   PrecacheColor common|FreeSans.ttf 10px Red
     1 ms |   PrecacheColor common|FreeSansBold.ttf 10px White
     1 ms |   PrecacheColor common|FreeSansBold.ttf 10px Red
    39 ms --------------------------------------------------
          StartGame
          |   PrepareMap
          |   |   Map
    17 ms |   |   |   LoadSequences
    38 ms |   |   |   new Sequence("sniper")
  2889 ms |   |   ------------------------------------------
    44 ms |   |   Map.Music
  2973 ms |   ----------------------------------------------
   267 ms |   NewWorld
          |   LoadComplete
     0 ms |   |   ScreenMap.WorldLoaded
     0 ms |   |   MenuPaletteEffect.WorldLoaded
     1 ms |   |   TerrainGeometryOverlay.WorldLoaded
    52 ms |   |   ShroudRenderer.WorldLoaded
     0 ms |   |   ResourceType.WorldLoaded
     0 ms |   |   ResourceType.WorldLoaded
     1 ms |   |   DevCommands.WorldLoaded
     1 ms |   |   PlayerCommands.WorldLoaded
     0 ms |   |   HelpCommand.WorldLoaded
     0 ms |   |   ScreenShaker.WorldLoaded
    13 ms |   |   LegacyBridgeLayer.WorldLoaded
     0 ms |   |   CustomTerrainDebugOverlay.WorldLoaded
          |   |   DomainIndex.WorldLoaded
    41 ms |   |   |   BuildDomains: Desert Shellmap for movement class 699
    19 ms |   |   |   BuildDomains: Desert Shellmap for movement class 4096
    26 ms |   |   |   BuildDomains: Desert Shellmap for movement class 4097
   103 ms |   |   ------------------------------------------
    19 ms |   |   SmudgeLayer.WorldLoaded
     7 ms |   |   SmudgeLayer.WorldLoaded
   714 ms |   |   SpawnMapActors.WorldLoaded
    42 ms |   |   LoadWidgetAtGameStart.WorldLoaded
   148 ms |   |   ResourceLayer.WorldLoaded
   395 ms |   |   LuaScript.WorldLoaded
  1497 ms |   ----------------------------------------------
  5001 ms --------------------------------------------------
    51 ms [1] Activity: Move
     5 ms [1] Activity: HeliFly
     6 ms [1] Trait: world->ActorMap
     1 ms [1] Trait: world->ScreenShaker
     3 ms [1] Trait: world->LuaScript
     4 ms [1] Trait: player->PlayerResources
     2 ms [1] Trait: player->PlayerStatistics
     2 ms [1] Trait: player->EnemyWatcher
     1 ms [1] Trait: player->PowerManager
     8 ms [1] Trait: player->FrozenActorLayer
     2 ms [1] Trait: player->ClassicProductionQueue
     3 ms [1] Trait: player->SupportPowerManager
     2 ms [1] Trait: brik->WithWallSpriteBody
     1 ms [1] Trait: brik->FrozenUnderFog
     2 ms [1] Trait: brik->ConditionManager
     2 ms [1] Trait: 2tnk->Armament
     2 ms [1] Trait: syrf->RepairableBuilding
     2 ms [1] Trait: mrj->ProximityExternalCondition
     6 ms [1] Trait: tran.husk2->Burns
    13 ms [1] Trait: mine->SeedsResource
     2 ms [1] Trait: pbox->Cargo
     4 ms [1] Trait: pbox->AttackGarrisoned
    13 ms [1] Trait: lst->WithLandingCraftAnimation
     1 ms [1] Trait: mine->SeedsResource
     5 ms [1] Trait: atek->GpsPower
     1 ms [1] Trait: tran->Aircraft
     2 ms [1] Effect: RallyPointIndicator
     5 ms [1] Render: world->SmudgeLayer
     3 ms [1] Render: world->ResourceLayer
     5 ms [2] Activity: Move
     4 ms [2] Activity: MoveFirstHalf
    25 ms [2] Activity: CallFunc
    17 ms [2] Activity: FindResources
     2 ms [2] Activity: Fly
     1 ms [2] Trait: world->ActorMap
     4 ms [2] Trait: tran->Aircraft
     3 ms [2] Trait: badr->ParaDrop
     2 ms [3] Activity: Move
     2 ms [3] Activity: AttackMoveActivity
     4 ms [3] Activity: Move
     4 ms [3] Activity: AttackMoveActivity
     3 ms [3] Activity: Move
     3 ms [3] Activity: AttackMoveActivity
     1 ms [3] Trait: tran->RevealsShroud
    10 ms [8] Activity: MoveFirstHalf
     1 ms [8] Trait: world->LuaScript
     1 ms [12] Trait: world->LuaScript
     2 ms [13] Activity: MoveSecondHalf
     5 ms [21] Activity: MoveSecondHalf
     5 ms [21] Activity: AttackMoveActivity
    36 ms [25] Trait: tran->RevealsShroud
     2 ms [52] Activity: Move
     2 ms [52] Activity: AttackMoveActivity
     2 ms [52] Activity: Move
     2 ms [52] Activity: AttackMoveActivity
     4 ms [61] Activity: WaitFor
     1 ms [63] Activity: Drag
     1 ms [77] Activity: Move
     1 ms [77] Activity: AttackMoveActivity
     1 ms [102] Activity: Move
     1 ms [102] Activity: AttackMoveActivity
     3 ms [102] Activity: Move
     3 ms [102] Activity: AttackMoveActivity
     3 ms [102] Activity: Move
     3 ms [102] Activity: AttackMoveActivity
    31 ms [108] Activity: Hunt
     2 ms [108] Activity: Move
     2 ms [108] Activity: AttackMoveActivity
     1 ms [112] Activity: Move
     1 ms [112] Activity: AttackMoveActivity
     2 ms [121] Activity: CallLuaFunc
     6 ms [127] Activity: Teleport
     1 ms [129] Activity: Move
     1 ms [129] Activity: AttackMoveActivity
     3 ms [132] Activity: Move
     3 ms [132] Activity: AttackMoveActivity
     2 ms [137] Activity: HarvestResource
     1 ms [144] Activity: Move
     1 ms [144] Activity: AttackMoveActivity
     2 ms [149] Activity: HarvestResource
     3 ms [151] Activity: Move
     3 ms [151] Activity: AttackMoveActivity
    13 ms [151] Trait: lst->Cargo
     1 ms [152] Activity: Move
     1 ms [152] Activity: AttackMoveActivity
     1 ms [152] Activity: Move
     1 ms [152] Activity: AttackMoveActivity
     3 ms [152] Activity: Move
     3 ms [152] Activity: AttackMoveActivity
     4 ms [152] Activity: Move
     4 ms [152] Activity: AttackMoveActivity
     3 ms [165] Activity: Move
     3 ms [165] Activity: AttackMoveActivity
    12 ms [175] Trait: 3tnk->RevealsShroud
     8 ms [188] Trait: brik->FrozenUnderFog
     2 ms [193] Activity: Move
     2 ms [193] Activity: AttackMoveActivity
    12 ms [201] Trait: ftrk->RevealsShroud
     2 ms [207] Activity: Move
     2 ms [207] Activity: AttackMoveActivity
     2 ms [225] Activity: Move
     2 ms [225] Activity: AttackMoveActivity
     2 ms [242] Activity: Move
     2 ms [242] Activity: AttackMoveActivity
     2 ms [255] Activity: AttackActivity
     9 ms [257] Activity: MoveFirstHalf
     9 ms [257] Activity: AttackMoveActivity
     2 ms [262] Activity: Move
     2 ms [262] Activity: AttackMoveActivity
     2 ms [262] Activity: Move
     2 ms [262] Activity: AttackMoveActivity
    14 ms [265] Activity: MoveFirstHalf
    14 ms [265] Activity: AttackMoveActivity
     3 ms [266] Activity: Move
     3 ms [266] Activity: AttackMoveActivity
     1 ms [270] Activity: Move
     1 ms [270] Activity: AttackMoveActivity
     1 ms [271] Activity: Move
     1 ms [271] Activity: AttackMoveActivity
    13 ms [278] Trait: ca->AttackTurreted
     4 ms [278] Effect: Bullet
    19 ms [279] Trait: lst->WithLandingCraftAnimation
     3 ms [281] Activity: DeliverResources
     2 ms [286] Activity: Move
     2 ms [286] Activity: AttackMoveActivity
     5 ms [287] Activity: MoveSecondHalf
     5 ms [287] Activity: AttackMoveActivity
     2 ms [287] Trait: player->FrozenActorLayer
     2 ms [300] Activity: Move
     2 ms [300] Activity: AttackMoveActivity
    11 ms [306] Trait: dome->RepairableBuilding
     2 ms [307] Activity: Move
     2 ms [307] Activity: AttackMoveActivity
    18 ms [314] Effect: Bullet
     1 ms [316] Activity: Move
     1 ms [316] Activity: AttackMoveActivity
    15 ms [319] Trait: e1->RevealsShroud
     2 ms [329] Activity: Move
     2 ms [329] Activity: AttackMoveActivity
     2 ms [330] Activity: Move
     2 ms [330] Activity: AttackMoveActivity
     2 ms [346] Activity: Move
     2 ms [346] Activity: AttackMoveActivity
    14 ms [346] Trait: 2tnk->RevealsShroud
    10 ms [348] Activity: UnloadCargo
     2 ms [349] Activity: Move
     2 ms [349] Activity: AttackMoveActivity
     5 ms [350] Activity: UnloadCargo
     1 ms [353] Activity: AttackMoveActivity
     6 ms [359] Activity: Attack
     4 ms [360] Effect: Bullet
     2 ms [362] Effect: Bullet
     2 ms [364] Activity: Follow
     3 ms [364] Activity: Move
     6 ms [364] Activity: MoveWithinRange
     1 ms [366] Activity: Move
     1 ms [366] Activity: AttackMoveActivity
    11 ms [374] Activity: MoveFirstHalf
    11 ms [374] Activity: AttackMoveActivity
     3 ms [380] Effect: Bullet
     1 ms [381] Activity: Move
     1 ms [381] Activity: AttackMoveActivity
     1 ms [382] Trait: 4tnk->ConditionManager
     3 ms [382] Trait: 2tnk->Chronoshiftable
     2 ms [384] Activity: Move
     2 ms [384] Activity: AttackMoveActivity
     1 ms [384] Activity: Move
     1 ms [384] Activity: AttackMoveActivity
     1 ms [384] Activity: Move
     1 ms [384] Activity: AttackMoveActivity
     2 ms [390] Activity: Move
     2 ms [390] Activity: AttackMoveActivity
     4 ms [394] Activity: Attack
    11 ms [394] Effect: Missile
     1 ms [396] Activity: Move
     1 ms [396] Activity: AttackMoveActivity
     1 ms [402] Activity: HeliLand
     5 ms [410] Effect: Bullet
     2 ms [413] Activity: Move
     2 ms [413] Activity: AttackMoveActivity
     2 ms [414] Activity: Move
     2 ms [414] Activity: AttackMoveActivity
     1 ms [425] Activity: Move
     2 ms [425] Activity: AttackMoveActivity
     1 ms [425] Activity: Move
     2 ms [425] Activity: AttackMoveActivity
     4 ms [426] Activity: Attack
    14 ms [427] Activity: MoveSecondHalf
    14 ms [427] Activity: AttackMoveActivity
     2 ms [428] Trait: world->LuaScript
     2 ms [431] Activity: Move
     2 ms [431] Activity: AttackMoveActivity
     2 ms [431] Activity: Leap
     4 ms [434] Activity: Leap
     1 ms [448] Activity: Move
     1 ms [448] Activity: AttackMoveActivity
     2 ms [450] Activity: Move
     2 ms [450] Activity: AttackMoveActivity
    11 ms [453] Trait: tent->RepairableBuilding
     1 ms [464] Activity: Move
     1 ms [464] Activity: AttackMoveActivity
     4 ms [464] Effect: Bullet
     1 ms [481] Activity: Move
     1 ms [481] Activity: AttackMoveActivity
    14 ms [490] Activity: MoveWithinRange
     2 ms [498] Activity: DeliverResources
    12 ms [502] Activity: Attack
     1 ms [502] Activity: Move
     1 ms [502] Activity: AttackMoveActivity
     1 ms [508] Activity: SpriteHarvesterDockSequence
     1 ms [509] Activity: SpriteHarvesterDockSequence
     3 ms [510] Activity: SpriteHarvesterDockSequence
     2 ms [516] Activity: Move
     2 ms [516] Activity: AttackMoveActivity
     1 ms [519] Activity: Move
     1 ms [519] Activity: AttackMoveActivity
     1 ms [528] Activity: Move
     2 ms [528] Activity: MoveWithinRange
    14 ms [536] Trait: ttnk->RevealsShroud
     1 ms [537] Activity: Move
     1 ms [537] Activity: AttackMoveActivity
     2 ms [538] Activity: CallFunc
    14 ms [549] Activity: AttackMoveActivity
     1 ms [549] Activity: Fly
     1 ms [557] Activity: Move
     1 ms [557] Activity: AttackMoveActivity
    13 ms [561] Activity: AttackMoveActivity
     1 ms [562] Activity: Move
     1 ms [562] Activity: AttackMoveActivity
     1 ms [566] Activity: Move
     1 ms [566] Activity: AttackMoveActivity
     1 ms [569] Activity: Move
     1 ms [569] Activity: AttackMoveActivity
     2 ms [576] Effect: Bullet
     2 ms [577] Activity: FallToEarth
     2 ms [578] Activity: Move
     3 ms [578] Activity: AttackMoveActivity
    11 ms [621] Trait: ftrk->AttackTurreted
     3 ms [635] Activity: Move
     3 ms [635] Activity: MoveWithinRange
     1 ms [642] Activity: Move
     1 ms [642] Activity: AttackMoveActivity
    11 ms [643] Effect: Bullet
    11 ms [653] Activity: MoveFirstHalf
    11 ms [653] Activity: AttackMoveActivity
     2 ms [653] Activity: Move
     2 ms [653] Activity: MoveWithinRange
    11 ms [672] Activity: AttackActivity
     3 ms [674] Activity: Move
     3 ms [674] Activity: AttackMoveActivity
    11 ms [683] Effect: Bullet
    10 ms [695] Activity: Move
    10 ms [695] Activity: AttackMoveActivity
    12 ms [707] Trait: gun->AttackTurreted
    11 ms [719] Trait: 2tnk->AttackTurreted
    12 ms [732] Activity: MoveWithinRange
     1 ms [732] Trait: world->ActorMap
     1 ms [732] Trait: gun->Health
    10 ms [756] Activity: MoveSecondHalf
    11 ms [756] Activity: AttackMoveActivity
    14 ms [768] Trait: mig->RevealsShroud
     1 ms [772] Activity: AttackMoveActivity
     2 ms [823] Activity: Move
     2 ms [823] Activity: AttackMoveActivity
    12 ms [835] Trait: mig->Aircraft
    10 ms [857] Activity: Attack
    13 ms [879] Trait: world->ActorMap
     8 ms [943] Activity: Attack
     1 ms [943] Trait: world->LuaScript
    16 ms [945] Effect: Bullet
     2 ms [959] Trait: 2tnk.husk->ThrowsParticle
    14 ms [962] Activity: Attack
    11 ms [972] Activity: Attack
     2 ms [973] Activity: Hunt
    26 ms [973] Activity: Move
    26 ms [973] Activity: AttackMoveActivity
     1 ms [979] Activity: Attack
     1 ms [979] Trait: apwr->RenderSprites
     1 ms [979] Trait: 2tnk->Armament
     1 ms [979] Trait: jeep->WithSpriteTurret
     1 ms [979] Trait: gap->RepairableBuilding
    13 ms [983] Effect: Bullet
     2 ms [1019] Trait: world->LuaScript
    13 ms [1034] Activity: AttackMoveActivity
     1 ms [1040] Activity: Move
     1 ms [1040] Activity: AttackMoveActivity
     8 ms [1043] Effect: Bullet
    11 ms [1045] Effect: Bullet
     1 ms [1052] Activity: AttackMoveActivity
    16 ms [1052] Effect: Bullet
    11 ms [1073] Trait: e3->RevealsShroud
     1 ms [1086] Activity: Move
     1 ms [1086] Activity: AttackMoveActivity
     1 ms [1094] Activity: Move
     1 ms [1094] Activity: MoveWithinRange
     2 ms [1096] Activity: Move
     2 ms [1096] Activity: AttackMoveActivity
     1 ms [1096] Activity: Move
     1 ms [1096] Activity: AttackMoveActivity
     2 ms [1103] Activity: Move
     2 ms [1103] Activity: AttackMoveActivity
    14 ms [1106] Trait: 3tnk->RevealsShroud
     1 ms [1107] Trait: world->LuaScript
     1 ms [1125] Activity: Attack
     1 ms [1148] Activity: Hunt
    12 ms [1152] Trait: mig->RevealsShroud
     3 ms [1183] Render: apwr->FrozenUnderFog
    12 ms [1187] Activity: Attack
     1 ms [1187] Effect: Bullet
    10 ms [1199] Activity: AttackMoveActivity
     9 ms [1210] Effect: GpsDot
     1 ms [1212] Effect: Bullet
    13 ms [1222] Activity: MoveSecondHalf
    13 ms [1222] Activity: AttackMoveActivity
     8 ms [1233] Trait: jeep->RevealsShroud
     3 ms [1242] Activity: Move
     3 ms [1242] Activity: AttackMoveActivity
     9 ms [1244] Trait: dog->RevealsShroud
    11 ms [1255] Activity: Move
    11 ms [1255] Activity: AttackMoveActivity
     8 ms [1266] Activity: Attack
     2 ms [1284] Activity: Move
     2 ms [1284] Activity: MoveWithinRange
     2 ms [1302] Activity: Move
     2 ms [1302] Activity: MoveWithinRange
     9 ms [1321] Activity: Move
     9 ms [1321] Activity: AttackMoveActivity
     5 ms [1324] Activity: Hunt
     8 ms [1335] Trait: brik->FrozenUnderFog
     9 ms [1364] Effect: Bullet
    10 ms [1407] Activity: Attack
     8 ms [1430] Effect: Bullet
     2 ms [1441] Activity: Move
     2 ms [1441] Activity: MoveWithinRange
    10 ms [1443] Activity: Attack
     1 ms [1461] Activity: Move
     1 ms [1461] Activity: MoveWithinRange
     3 ms [1463] Trait: pbox->AttackGarrisoned
     6 ms [1485] Effect: Missile
     4 ms [1487] Activity: Move
     4 ms [1487] Activity: AttackMoveActivity
    12 ms [1491] Effect: Bullet
     6 ms [1493] Effect: Bullet
     1 ms [1495] Activity: Move
     1 ms [1495] Activity: AttackMoveActivity
    17 ms [1507] Activity: Move
    17 ms [1507] Activity: MoveWithinRange
     1 ms [1524] Trait: world->LuaScript
     1 ms [1527] Activity: Move
     1 ms [1527] Activity: MoveWithinRange
     1 ms [1531] Activity: Move
     1 ms [1531] Activity: AttackMoveActivity
    10 ms [1535] Activity: Hunt
     3 ms [1536] Activity: Move
     3 ms [1536] Activity: AttackMoveActivity
    12 ms [1544] Activity: Move
    12 ms [1544] Activity: AttackMoveActivity
     2 ms [1557] Activity: Move
     2 ms [1557] Activity: AttackMoveActivity
     3 ms [1586] Activity: Move
     3 ms [1586] Activity: AttackMoveActivity
     6 ms [1587] Effect: Bullet
     2 ms [1591] Trait: badr->ParaDrop
     3 ms [1592] Activity: Parachute
     3 ms [1594] Activity: Move
     3 ms [1594] Activity: AttackMoveActivity
    11 ms [1600] Activity: Move
    11 ms [1600] Activity: AttackMoveActivity
     1 ms [1601] Activity: Move
     1 ms [1601] Activity: AttackMoveActivity
     1 ms [1601] Trait: 3tnk->WithDecoration
     1 ms [1610] Activity: Move
     1 ms [1610] Activity: AttackMoveActivity
     6 ms [1616] Activity: Move
     6 ms [1616] Activity: AttackMoveActivity
    16 ms [1633] Activity: Move
    17 ms [1633] Activity: AttackMoveActivity
     5 ms [1636] Activity: Move
     5 ms [1636] Activity: AttackMoveActivity
     3 ms [1637] Activity: Move
     3 ms [1637] Activity: AttackMoveActivity
     1 ms [1638] Activity: Attack
     9 ms [1643] Activity: Attack
     2 ms [1644] Activity: Move
     2 ms [1644] Activity: AttackMoveActivity
     4 ms [1649] Activity: Move
     4 ms [1649] Activity: AttackMoveActivity
     9 ms [1665] Trait: lst->WithLandingCraftAnimation
     4 ms [1666] Activity: Move
     4 ms [1666] Activity: AttackMoveActivity
     2 ms [1679] Activity: Move
     3 ms [1679] Activity: AttackMoveActivity
     9 ms [1685] Trait: lst->RevealsShroud
     2 ms [1691] Activity: Parachute
     2 ms [1691] Activity: Move
     2 ms [1691] Activity: AttackMoveActivity
     8 ms [1707] Trait: 3tnk->RevealsShroud
     2 ms [1712] Activity: Move
     2 ms [1712] Activity: AttackMoveActivity
     1 ms [1726] Activity: Move
     1 ms [1726] Activity: AttackMoveActivity
     2 ms [1729] Activity: Move
     2 ms [1729] Activity: AttackMoveActivity
     1 ms [1746] Activity: Move
     2 ms [1746] Activity: AttackMoveActivity
     1 ms [1772] Activity: Move
     1 ms [1772] Activity: AttackMoveActivity
     2 ms [1774] Activity: Move
     2 ms [1774] Activity: AttackMoveActivity
     2 ms [1778] Activity: Move
     2 ms [1778] Activity: AttackMoveActivity
     2 ms [1815] Activity: Move
     2 ms [1815] Activity: AttackMoveActivity
     1 ms [1816] Activity: Move
     1 ms [1816] Activity: AttackMoveActivity
     2 ms [1822] Trait: world->LuaScript
     1 ms [1830] Activity: Move
     1 ms [1830] Activity: AttackMoveActivity
     2 ms [1833] Activity: Move
     2 ms [1833] Activity: AttackMoveActivity
    13 ms [1862] Trait: dog->RevealsShroud
     1 ms [1867] Activity: Move
     1 ms [1867] Activity: AttackMoveActivity
     1 ms [1869] Activity: Move
     1 ms [1869] Activity: AttackMoveActivity
     1 ms [1881] Activity: Move
     1 ms [1881] Activity: AttackMoveActivity
    13 ms [1893] Trait: mig->RevealsShroud
     2 ms [1896] Activity: Move
     2 ms [1896] Activity: AttackMoveActivity
    11 ms [1912] Activity: Move
    11 ms [1912] Activity: AttackMoveActivity
     1 ms [1912] Activity: Move
     1 ms [1912] Activity: MoveWithinRange
     2 ms [1920] Activity: Move
     2 ms [1920] Activity: AttackMoveActivity
     2 ms [1920] Activity: Move
     2 ms [1920] Activity: AttackMoveActivity
    12 ms [1921] Activity: Attack
     1 ms [1927] Activity: Move
     1 ms [1927] Activity: AttackMoveActivity
     1 ms [1941] Activity: Move
     1 ms [1941] Activity: AttackMoveActivity
     9 ms [1941] Trait: ftrk->AttackTurreted
     2 ms [1953] Activity: Move
     2 ms [1953] Activity: AttackMoveActivity
     3 ms [1998] Activity: Move
     3 ms [1998] Activity: AttackMoveActivity
     9 ms [1998] Activity: Attack
     2 ms [2003] Activity: Move
     2 ms [2003] Activity: MoveWithinRange
     1 ms [2016] Activity: Move
     2 ms [2016] Activity: AttackMoveActivity
     2 ms [2022] Activity: Move
     2 ms [2022] Activity: AttackMoveActivity
    12 ms [2034] Trait: world->ActorMap
     1 ms [2056] Activity: Move
     1 ms [2056] Activity: AttackMoveActivity
     1 ms [2057] Activity: Move
     1 ms [2057] Activity: AttackMoveActivity
     1 ms [2062] Activity: AttackMoveActivity
     8 ms [2062] Trait: 2tnk->RevealsShroud
     9 ms [2089] Trait: ttnk->AttackTurreted
    11 ms [2098] Activity: MoveFirstHalf
    11 ms [2098] Activity: AttackMoveActivity
     8 ms [2108] Trait: gun->FrozenUnderFog
     9 ms [2118] Activity: MoveFirstHalf
    16 ms [2127] Activity: Move
    16 ms [2127] Activity: MoveWithinRange
    10 ms [2142] Effect: Bullet
     2 ms [2144] Activity: Move
     2 ms [2144] Activity: AttackMoveActivity
    10 ms [2144] Trait: apc->RevealsShroud
     2 ms [2147] Activity: Move
     2 ms [2147] Activity: AttackMoveActivity
    15 ms [2153] Activity: AttackMoveActivity
     2 ms [2157] Activity: Move
     2 ms [2157] Activity: MoveWithinRange
     3 ms [2159] Activity: Move
     3 ms [2159] Activity: AttackMoveActivity
     1 ms [2159] Activity: Move
     2 ms [2159] Activity: MoveWithinRange
     3 ms [2164] Activity: Move
     3 ms [2164] Activity: MoveWithinRange
     2 ms [2171] Activity: Move
     2 ms [2171] Activity: AttackMoveActivity
     3 ms [2172] Activity: Move
     3 ms [2172] Activity: MoveWithinRange
     8 ms [2178] Trait: apwr->FrozenUnderFog
     3 ms [2179] Activity: Move
     3 ms [2179] Activity: AttackMoveActivity
     3 ms [2182] Activity: Move
     3 ms [2182] Activity: MoveWithinRange
     2 ms [2188] Activity: Move
     2 ms [2188] Activity: AttackMoveActivity
     2 ms [2193] Activity: Move
     2 ms [2193] Activity: AttackMoveActivity
    12 ms [2205] Activity: Move
    12 ms [2205] Activity: AttackMoveActivity
     7 ms [2234] Activity: MoveSecondHalf
     8 ms [2234] Activity: AttackMoveActivity
     3 ms [2243] Activity: Move
     3 ms [2243] Activity: AttackMoveActivity
     1 ms [2257] Activity: Move
     1 ms [2257] Activity: AttackMoveActivity
    10 ms [2264] Trait: world->ActorMap
     9 ms [2283] Activity: Move
     9 ms [2283] Activity: MoveWithinRange
     9 ms [2292] Activity: MoveFirstHalf
     9 ms [2292] Activity: AttackMoveActivity
     3 ms [2293] Activity: Move
     3 ms [2293] Activity: AttackMoveActivity
     1 ms [2306] Trait: world->LuaScript
     9 ms [2348] Trait: apc->RevealsShroud
     1 ms [2369] Activity: Move
     1 ms [2369] Activity: AttackMoveActivity
     9 ms [2376] Trait: agun->AttackTurreted
     3 ms [2392] Activity: Move
     3 ms [2392] Activity: AttackMoveActivity
     2 ms [2396] Activity: Move
     2 ms [2396] Activity: AttackMoveActivity
    13 ms [2404] Trait: world->ActorMap
     1 ms [2449] Activity: Move
     1 ms [2449] Activity: AttackMoveActivity
     8 ms [2460] Trait: 3tnk->RevealsShroud
     8 ms [2480] Activity: AttackActivity
     1 ms [2483] Activity: Move
     1 ms [2483] Activity: MoveWithinRange
     8 ms [2501] Activity: Attack
    14 ms [2510] Effect: Bullet
    10 ms [2517] Effect: Bullet
     2 ms [2519] Activity: Move
     2 ms [2519] Activity: AttackMoveActivity
     1 ms [2527] Activity: Move
     1 ms [2527] Activity: AttackMoveActivity
    13 ms [2588] Activity: MoveWithinRange
