ITemporaryBlocker: 13817
ICrushable: 13275
Production: 12439
Mobile: 5595
IFacing: 2951
GpsWatcher: 2853
FrozenActorLayer: 2700
IStoreResources: 2070
ConditionManager: 2029
IHealth: 1887
ITargetablePositions: 1642
RenderSprites: 1463
ITooltip: 1350
BodyOrientation: 1300
Health: 1161
IMove: 1102
IPaletteModifier: 894
IRenderAboveWorld: 893
IRenderShroud: 893
IRenderOverlay: 893
IRenderAboveShroud: 893
ITargetable: 844
ISync: 813
IWallConnector: 709
HitShape: 598
Turreted: 587
AutoTarget: 568
IPositionable: 538
IDefaultVisibility: 537
INotifyCreated: 537
IRender: 537
IEffectiveOwner: 537
IRenderModifier: 537
IDisable: 537
IVisibilityModifier: 537
IOccupySpace: 530
IRadarColorModifier: 499
ITargetableCells: 487
IBlocksProjectiles: 487
AttackBase: 487
ScriptTags: 486
Cloak: 484
INotifyAddedToWorld: 480
SupportPower: 479
HackyAI: 469
IObservesVariables: 469
IConditionTimerWatcher: 469
AmmoPool: 417
ITickRender: 414
ITick: 414
INotifyIdle: 414
ProvidesRadar: 414
ITechTreePrerequisite: 407
Buildable: 407
Cargo: 359
IFirepowerModifier: 353
IReloadModifier: 353
IInaccuracyModifier: 353
INotifyAttack: 353
INotifyBurstComplete: 353
IRangeModifier: 353
GainsExperience: 330
Building: 328
IPips: 328
Armament: 327
INotifyBuildComplete: 317
SmudgeLayer: 309
IPathFinder: 301
IAutoSelectionSize: 300
TechTree: 297
ExternalCondition: 293
Power: 279
IPreventsAutoTarget: 263
PowerManager: 246
AttackFollow: 226
AutoTargetPriority: 213
AttackTurreted: 192
INotifyDamage: 186
INotifyAppliedDamage: 186
DomainIndex: 161
Guard: 154
ScriptTriggers: 138
GrantConditionOnPrerequisiteManager: 126
IRenderInfantrySequenceModifier: 126
WithSpriteBody: 123
ExternalCapturable: 103
IPowerModifier: 93
RepairableBuilding: 92
INotifyBlockingMove: 91
Passenger: 88
ISpeedModifier: 76
INotifyPassengerEntered: 61
PlayerResources: 54
INotifyHarvesterAction: 49
DeveloperMode: 44
ProductionQueue: 42
Armor: 37
Aircraft: 36
INotifyBecomingIdle: 33
ResourceClaimLayer: 31
Harvester: 30
IDamageModifier: 26
MapOptions: 25
RallyPoint: 24
JamsMissiles: 21
INotifyProduction: 17
INotifyOtherProduction: 17
Huntable: 17
Reservable: 17
PrimaryBuilding: 17
ResourceLayer: 13
RadarPings: 11
Shroud: 10
INotifyDamageStateChanged: 10
INotifyKilled: 8
PlayerExperience: 7
SupportPowerManager: 6
INotifyCrushed: 6
DrawLineToTarget: 6
IAcceptResources: 6
ILoadsPlayerPalettes: 5
ChronoshiftPaletteEffect: 5
ResourceType: 5
ChatCommands: 5
INotifyPassengerExited: 5
IFogVisibilityModifier: 5
Chronoshiftable: 5
PortableChrono: 5
IPreventsTeleport: 5
INotifyActorDisposing: 4
HelpCommand: 4
MapBuildRadius: 4
INotifyRemovedFromWorld: 4
ParatroopersPower: 4
AirstrikePower: 3
MusicPlaylist: 2
Transforms: 2
IGivesExperienceModifier: 2
IGainsExperienceModifier: 2
ILoadsPalettes: 1
IWorldLoaded: 1
FlashPaletteEffect: 1
IActorMap: 1
ScreenMap: 1
BuildingInfluence: 1
SpawnMapActors: 1
ICreatePlayers: 1
ICustomMovementLayer: 1
Bridge: 1
GlobalLightingPaletteEffect: 1
ParaDrop: 1
