IPaletteModifier: 3498
IRenderAboveWorld: 3497
IRenderShroud: 3497
IRenderOverlay: 3497
IRenderAboveShroud: 3497
IStoreResources: 2924
ITickRender: 1462
ITick: 1462
INotifyIdle: 1462
ISync: 979
MapOptions: 8
DomainIndex: 6
ResourceClaimLayer: 6
IPathFinder: 6
ChatCommands: 5
HelpCommand: 4
RadarPings: 4
TechTree: 4
PlayerResources: 4
DeveloperMode: 4
Shroud: 4
IDefaultVisibility: 3
INotifyCreated: 3
IRender: 3
IAutoSelectionSize: 3
IEffectiveOwner: 3
IFacing: 3
IHealth: 3
IRenderModifier: 3
IDisable: 3
IVisibilityModifier: 3
ITargetable: 3
INotifyAddedToWorld: 3
ILoadsPlayerPalettes: 2
MissionObjectives: 2
ITechTreePrerequisite: 2
PlayerExperience: 2
Buildable: 2
SupportPower: 2
IFogVisibilityModifier: 2
ILoadsPalettes: 1
IWorldLoaded: 1
ScreenMap: 1
IActorMap: 1
MusicPlaylist: 1
ResourceType: 1
BuildingInfluence: 1
ICreatePlayers: 1
ICustomMovementLayer: 1
Bridge: 1
